nohup: ignoring input
/home/ubuntu/miniforge3/envs/mm/lib/python3.10/site-packages/dask/dataframe/__init__.py:42: FutureWarning: 
Dask dataframe query planning is disabled because dask-expr is not installed.

You can install it with `pip install dask[dataframe]` or `conda install dask`.
This will raise in a future version.

  warnings.warn(msg, FutureWarning)
ic| args.xfns: ['startlocation',
                'endlocation',
                'movement',
                'startpolar',
                'endpolar',
                'team',
                'time',
                'goalscore',
                'closest_11_players']
ic| xfn: (<function startlocation at 0x7f620f981090>,
          ['start_x_a0',
           'start_y_a0',
           'start_x_a1',
           'start_y_a1',
           'start_x_a2',
           'start_y_a2'])
ic| values: ['start_x_a0',
             'start_y_a0',
             'start_x_a1',
             'start_y_a1',
             'start_x_a2',
             'start_y_a2']
ic| xfn: (<function endlocation at 0x7f620f9811b0>,
          ['end_x_a0', 'end_y_a0', 'end_x_a1', 'end_y_a1', 'end_x_a2', 'end_y_a2'])
ic| values: ['end_x_a0', 'end_y_a0', 'end_x_a1', 'end_y_a1', 'end_x_a2', 'end_y_a2']
ic| xfn: (<function movement at 0x7f620f981510>,
          ['dx_a0',
           'dy_a0',
           'movement_a0',
           'dx_a1',
           'dy_a1',
           'movement_a1',
           'dx_a2',
           'dy_a2',
           'movement_a2'])
ic| values: ['dx_a0',
             'dy_a0',
             'movement_a0',
             'dx_a1',
             'dy_a1',
             'movement_a1',
             'dx_a2',
             'dy_a2',
             'movement_a2']
ic| xfn: (<function startpolar at 0x7f620f9812d0>,
          ['start_dist_to_goal_a0',
           'start_angle_to_goal_a0',
           'start_dist_to_goal_a1',
           'start_angle_to_goal_a1',
           'start_dist_to_goal_a2',
           'start_angle_to_goal_a2'])
ic| values: ['start_dist_to_goal_a0',
             'start_angle_to_goal_a0',
             'start_dist_to_goal_a1',
             'start_angle_to_goal_a1',
             'start_dist_to_goal_a2',
             'start_angle_to_goal_a2']
ic| xfn: (<function endpolar at 0x7f620f9813f0>,
          ['end_dist_to_goal_a0',
           'end_angle_to_goal_a0',
           'end_dist_to_goal_a1',
           'end_angle_to_goal_a1',
           'end_dist_to_goal_a2',
           'end_angle_to_goal_a2'])
ic| values: ['end_dist_to_goal_a0',
             'end_angle_to_goal_a0',
             'end_dist_to_goal_a1',
             'end_angle_to_goal_a1',
             'end_dist_to_goal_a2',
             'end_angle_to_goal_a2']
ic| xfn: (<function team at 0x7f620f9815a0>, ['team_1', 'team_2'])
ic| values: ['team_1', 'team_2']
ic| xfn: (<function time at 0x7f620f980f70>,
          ['period_id_a0',
           'time_seconds_a0',
           'time_seconds_overall_a0',
           'period_id_a1',
           'time_seconds_a1',
           'time_seconds_overall_a1',
           'period_id_a2',
           'time_seconds_a2',
           'time_seconds_overall_a2'])
ic| values: ['period_id_a0',
             'time_seconds_a0',
             'time_seconds_overall_a0',
             'period_id_a1',
             'time_seconds_a1',
             'time_seconds_overall_a1',
             'period_id_a2',
             'time_seconds_a2',
             'time_seconds_overall_a2']
ic| xfn: (<function goalscore at 0x7f620f981750>,
          ['goalscore_team', 'goalscore_opponent', 'goalscore_diff'])
ic| values: ['goalscore_team', 'goalscore_opponent', 'goalscore_diff']
ic| xfn: (<function simple.<locals>._wrapper at 0x7f620f982680>,
          ['teammate_1_x_a0',
           'teammate_1_y_a0',
           'teammate_1_distance_a0',
           'teammate_2_x_a0',
           'teammate_2_y_a0',
           'teammate_2_distance_a0',
           'teammate_3_x_a0',
           'teammate_3_y_a0',
           'teammate_3_distance_a0',
           'teammate_4_x_a0',
           'teammate_4_y_a0',
           'teammate_4_distance_a0',
           'teammate_5_x_a0',
           'teammate_5_y_a0',
           'teammate_5_distance_a0',
           'teammate_6_x_a0',
           'teammate_6_y_a0',
           'teammate_6_distance_a0',
           'teammate_7_x_a0',
           'teammate_7_y_a0',
           'teammate_7_distance_a0',
           'teammate_8_x_a0',
           'teammate_8_y_a0',
           'teammate_8_distance_a0',
           'teammate_9_x_a0',
           'teammate_9_y_a0',
           'teammate_9_distance_a0',
           'teammate_10_x_a0',
           'teammate_10_y_a0',
           'teammate_10_distance_a0',
           'opponent_1_x_a0',
           'opponent_1_y_a0',
           'opponent_1_distance_a0',
           'opponent_2_x_a0',
           'opponent_2_y_a0',
           'opponent_2_distance_a0',
           'opponent_3_x_a0',
           'opponent_3_y_a0',
           'opponent_3_distance_a0',
           'opponent_4_x_a0',
           'opponent_4_y_a0',
           'opponent_4_distance_a0',
           'opponent_5_x_a0',
           'opponent_5_y_a0',
           'opponent_5_distance_a0',
           'opponent_6_x_a0',
           'opponent_6_y_a0',
           'opponent_6_distance_a0',
           'opponent_7_x_a0',
           'opponent_7_y_a0',
           'opponent_7_distance_a0',
           'opponent_8_x_a0',
           'opponent_8_y_a0',
           'opponent_8_distance_a0',
           'opponent_9_x_a0',
           'opponent_9_y_a0',
           'opponent_9_distance_a0',
           'opponent_10_x_a0',
           'opponent_10_y_a0',
           'opponent_10_distance_a0',
           'opponent_11_x_a0',
           'opponent_11_y_a0',
           'opponent_11_distance_a0',
           'teammate_1_x_a1',
           'teammate_1_y_a1',
           'teammate_1_distance_a1',
           'teammate_2_x_a1',
           'teammate_2_y_a1',
           'teammate_2_distance_a1',
           'teammate_3_x_a1',
           'teammate_3_y_a1',
           'teammate_3_distance_a1',
           'teammate_4_x_a1',
           'teammate_4_y_a1',
           'teammate_4_distance_a1',
           'teammate_5_x_a1',
           'teammate_5_y_a1',
           'teammate_5_distance_a1',
           'teammate_6_x_a1',
           'teammate_6_y_a1',
           'teammate_6_distance_a1',
           'teammate_7_x_a1',
           'teammate_7_y_a1',
           'teammate_7_distance_a1',
           'teammate_8_x_a1',
           'teammate_8_y_a1',
           'teammate_8_distance_a1',
           'teammate_9_x_a1',
           'teammate_9_y_a1',
           'teammate_9_distance_a1',
           'teammate_10_x_a1',
           'teammate_10_y_a1',
           'teammate_10_distance_a1',
           'opponent_1_x_a1',
           'opponent_1_y_a1',
           'opponent_1_distance_a1',
           'opponent_2_x_a1',
           'opponent_2_y_a1',
           'opponent_2_distance_a1',
           'opponent_3_x_a1',
           'opponent_3_y_a1',
           'opponent_3_distance_a1',
           'opponent_4_x_a1',
           'opponent_4_y_a1',
           'opponent_4_distance_a1',
           'opponent_5_x_a1',
           'opponent_5_y_a1',
           'opponent_5_distance_a1',
           'opponent_6_x_a1',
           'opponent_6_y_a1',
           'opponent_6_distance_a1',
           'opponent_7_x_a1',
           'opponent_7_y_a1',
           'opponent_7_distance_a1',
           'opponent_8_x_a1',
           'opponent_8_y_a1',
           'opponent_8_distance_a1',
           'opponent_9_x_a1',
           'opponent_9_y_a1',
           'opponent_9_distance_a1',
           'opponent_10_x_a1',
           'opponent_10_y_a1',
           'opponent_10_distance_a1',
           'opponent_11_x_a1',
           'opponent_11_y_a1',
           'opponent_11_distance_a1',
           'teammate_1_x_a2',
           'teammate_1_y_a2',
           'teammate_1_distance_a2',
           'teammate_2_x_a2',
           'teammate_2_y_a2',
           'teammate_2_distance_a2',
           'teammate_3_x_a2',
           'teammate_3_y_a2',
           'teammate_3_distance_a2',
           'teammate_4_x_a2',
           'teammate_4_y_a2',
           'teammate_4_distance_a2',
           'teammate_5_x_a2',
           'teammate_5_y_a2',
           'teammate_5_distance_a2',
           'teammate_6_x_a2',
           'teammate_6_y_a2',
           'teammate_6_distance_a2',
           'teammate_7_x_a2',
           'teammate_7_y_a2',
           'teammate_7_distance_a2',
           'teammate_8_x_a2',
           'teammate_8_y_a2',
           'teammate_8_distance_a2',
           'teammate_9_x_a2',
           'teammate_9_y_a2',
           'teammate_9_distance_a2',
           'teammate_10_x_a2',
           'teammate_10_y_a2',
           'teammate_10_distance_a2',
           'opponent_1_x_a2',
           'opponent_1_y_a2',
           'opponent_1_distance_a2',
           'opponent_2_x_a2',
           'opponent_2_y_a2',
           'opponent_2_distance_a2',
           'opponent_3_x_a2',
           'opponent_3_y_a2',
           'opponent_3_distance_a2',
           'opponent_4_x_a2',
           'opponent_4_y_a2',
           'opponent_4_distance_a2',
           'opponent_5_x_a2',
           'opponent_5_y_a2',
           'opponent_5_distance_a2',
           'opponent_6_x_a2',
           'opponent_6_y_a2',
           'opponent_6_distance_a2',
           'opponent_7_x_a2',
           'opponent_7_y_a2',
           'opponent_7_distance_a2',
           'opponent_8_x_a2',
           'opponent_8_y_a2',
           'opponent_8_distance_a2',
           'opponent_9_x_a2',
           'opponent_9_y_a2',
           'opponent_9_distance_a2',
           'opponent_10_x_a2',
           'opponent_10_y_a2',
           'opponent_10_distance_a2',
           'opponent_11_x_a2',
           'opponent_11_y_a2',
           'opponent_11_distance_a2'])
ic| values: ['teammate_1_x_a0',
             'teammate_1_y_a0',
             'teammate_1_distance_a0',
             'teammate_2_x_a0',
             'teammate_2_y_a0',
             'teammate_2_distance_a0',
             'teammate_3_x_a0',
             'teammate_3_y_a0',
             'teammate_3_distance_a0',
             'teammate_4_x_a0',
             'teammate_4_y_a0',
             'teammate_4_distance_a0',
             'teammate_5_x_a0',
             'teammate_5_y_a0',
             'teammate_5_distance_a0',
             'teammate_6_x_a0',
             'teammate_6_y_a0',
             'teammate_6_distance_a0',
             'teammate_7_x_a0',
             'teammate_7_y_a0',
             'teammate_7_distance_a0',
             'teammate_8_x_a0',
             'teammate_8_y_a0',
             'teammate_8_distance_a0',
             'teammate_9_x_a0',
             'teammate_9_y_a0',
             'teammate_9_distance_a0',
             'teammate_10_x_a0',
             'teammate_10_y_a0',
             'teammate_10_distance_a0',
             'opponent_1_x_a0',
             'opponent_1_y_a0',
             'opponent_1_distance_a0',
             'opponent_2_x_a0',
             'opponent_2_y_a0',
             'opponent_2_distance_a0',
             'opponent_3_x_a0',
             'opponent_3_y_a0',
             'opponent_3_distance_a0',
             'opponent_4_x_a0',
             'opponent_4_y_a0',
             'opponent_4_distance_a0',
             'opponent_5_x_a0',
             'opponent_5_y_a0',
             'opponent_5_distance_a0',
             'opponent_6_x_a0',
             'opponent_6_y_a0',
             'opponent_6_distance_a0',
             'opponent_7_x_a0',
             'opponent_7_y_a0',
             'opponent_7_distance_a0',
             'opponent_8_x_a0',
             'opponent_8_y_a0',
             'opponent_8_distance_a0',
             'opponent_9_x_a0',
             'opponent_9_y_a0',
             'opponent_9_distance_a0',
             'opponent_10_x_a0',
             'opponent_10_y_a0',
             'opponent_10_distance_a0',
             'opponent_11_x_a0',
             'opponent_11_y_a0',
             'opponent_11_distance_a0',
             'teammate_1_x_a1',
             'teammate_1_y_a1',
             'teammate_1_distance_a1',
             'teammate_2_x_a1',
             'teammate_2_y_a1',
             'teammate_2_distance_a1',
             'teammate_3_x_a1',
             'teammate_3_y_a1',
             'teammate_3_distance_a1',
             'teammate_4_x_a1',
             'teammate_4_y_a1',
             'teammate_4_distance_a1',
             'teammate_5_x_a1',
             'teammate_5_y_a1',
             'teammate_5_distance_a1',
             'teammate_6_x_a1',
             'teammate_6_y_a1',
             'teammate_6_distance_a1',
             'teammate_7_x_a1',
             'teammate_7_y_a1',
             'teammate_7_distance_a1',
             'teammate_8_x_a1',
             'teammate_8_y_a1',
             'teammate_8_distance_a1',
             'teammate_9_x_a1',
             'teammate_9_y_a1',
             'teammate_9_distance_a1',
             'teammate_10_x_a1',
             'teammate_10_y_a1',
             'teammate_10_distance_a1',
             'opponent_1_x_a1',
             'opponent_1_y_a1',
             'opponent_1_distance_a1',
             'opponent_2_x_a1',
             'opponent_2_y_a1',
             'opponent_2_distance_a1',
             'opponent_3_x_a1',
             'opponent_3_y_a1',
             'opponent_3_distance_a1',
             'opponent_4_x_a1',
             'opponent_4_y_a1',
             'opponent_4_distance_a1',
             'opponent_5_x_a1',
             'opponent_5_y_a1',
             'opponent_5_distance_a1',
             'opponent_6_x_a1',
             'opponent_6_y_a1',
             'opponent_6_distance_a1',
             'opponent_7_x_a1',
             'opponent_7_y_a1',
             'opponent_7_distance_a1',
             'opponent_8_x_a1',
             'opponent_8_y_a1',
             'opponent_8_distance_a1',
             'opponent_9_x_a1',
             'opponent_9_y_a1',
             'opponent_9_distance_a1',
             'opponent_10_x_a1',
             'opponent_10_y_a1',
             'opponent_10_distance_a1',
             'opponent_11_x_a1',
             'opponent_11_y_a1',
             'opponent_11_distance_a1',
             'teammate_1_x_a2',
             'teammate_1_y_a2',
             'teammate_1_distance_a2',
             'teammate_2_x_a2',
             'teammate_2_y_a2',
             'teammate_2_distance_a2',
             'teammate_3_x_a2',
             'teammate_3_y_a2',
             'teammate_3_distance_a2',
             'teammate_4_x_a2',
             'teammate_4_y_a2',
             'teammate_4_distance_a2',
             'teammate_5_x_a2',
             'teammate_5_y_a2',
             'teammate_5_distance_a2',
             'teammate_6_x_a2',
             'teammate_6_y_a2',
             'teammate_6_distance_a2',
             'teammate_7_x_a2',
             'teammate_7_y_a2',
             'teammate_7_distance_a2',
             'teammate_8_x_a2',
             'teammate_8_y_a2',
             'teammate_8_distance_a2',
             'teammate_9_x_a2',
             'teammate_9_y_a2',
             'teammate_9_distance_a2',
             'teammate_10_x_a2',
             'teammate_10_y_a2',
             'teammate_10_distance_a2',
             'opponent_1_x_a2',
             'opponent_1_y_a2',
             'opponent_1_distance_a2',
             'opponent_2_x_a2',
             'opponent_2_y_a2',
             'opponent_2_distance_a2',
             'opponent_3_x_a2',
             'opponent_3_y_a2',
             'opponent_3_distance_a2',
             'opponent_4_x_a2',
             'opponent_4_y_a2',
             'opponent_4_distance_a2',
             'opponent_5_x_a2',
             'opponent_5_y_a2',
             'opponent_5_distance_a2',
             'opponent_6_x_a2',
             'opponent_6_y_a2',
             'opponent_6_distance_a2',
             'opponent_7_x_a2',
             'opponent_7_y_a2',
             'opponent_7_distance_a2',
             'opponent_8_x_a2',
             'opponent_8_y_a2',
             'opponent_8_distance_a2',
             'opponent_9_x_a2',
             'opponent_9_y_a2',
             'opponent_9_distance_a2',
             'opponent_10_x_a2',
             'opponent_10_y_a2',
             'opponent_10_distance_a2',
             'opponent_11_x_a2',
             'opponent_11_y_a2',
             'opponent_11_distance_a2']

Train DataSet: (39046, 236), Test DataSet: (12406, 236)
Train Dataset: {(False,): 35946, (True,): 3100}, Test Dataset: {(False,): 11461, (True,): 945}

[0]	validation_0-logloss:0.26412
[1]	validation_0-logloss:0.24306
[2]	validation_0-logloss:0.22955
[3]	validation_0-logloss:0.22143
[4]	validation_0-logloss:0.21578
[5]	validation_0-logloss:0.21212
[6]	validation_0-logloss:0.21005
[7]	validation_0-logloss:0.20876
[8]	validation_0-logloss:0.20766
[9]	validation_0-logloss:0.20729
[10]	validation_0-logloss:0.20668
[11]	validation_0-logloss:0.20651
[12]	validation_0-logloss:0.20647
[13]	validation_0-logloss:0.20660
[14]	validation_0-logloss:0.20698
[15]	validation_0-logloss:0.20723
[16]	validation_0-logloss:0.20696
[17]	validation_0-logloss:0.20660
[18]	validation_0-logloss:0.20689
[19]	validation_0-logloss:0.20710
[20]	validation_0-logloss:0.20717
[21]	validation_0-logloss:0.20748
[22]	validation_0-logloss:0.20761
[23]	validation_0-logloss:0.20767
[24]	validation_0-logloss:0.20778
[25]	validation_0-logloss:0.20793
[26]	validation_0-logloss:0.20793
[27]	validation_0-logloss:0.20790
[28]	validation_0-logloss:0.20786
[29]	validation_0-logloss:0.20780
[30]	validation_0-logloss:0.20790
[31]	validation_0-logloss:0.20791
[32]	validation_0-logloss:0.20848
[33]	validation_0-logloss:0.20863
[34]	validation_0-logloss:0.20903
[35]	validation_0-logloss:0.20969
[36]	validation_0-logloss:0.20998
[37]	validation_0-logloss:0.20977
[38]	validation_0-logloss:0.20980
[39]	validation_0-logloss:0.20974
[40]	validation_0-logloss:0.20958
[41]	validation_0-logloss:0.20997
[42]	validation_0-logloss:0.21040
[43]	validation_0-logloss:0.21050
[44]	validation_0-logloss:0.21084
[45]	validation_0-logloss:0.21104
[46]	validation_0-logloss:0.21131
[47]	validation_0-logloss:0.21148
[48]	validation_0-logloss:0.21166
[49]	validation_0-logloss:0.21195
[50]	validation_0-logloss:0.21223
[51]	validation_0-logloss:0.21243
[52]	validation_0-logloss:0.21272
[53]	validation_0-logloss:0.21320
[54]	validation_0-logloss:0.21346
[55]	validation_0-logloss:0.21350
[56]	validation_0-logloss:0.21396
[57]	validation_0-logloss:0.21376
[58]	validation_0-logloss:0.21405
[59]	validation_0-logloss:0.21417
[60]	validation_0-logloss:0.21440
[61]	validation_0-logloss:0.21474
[62]	validation_0-logloss:0.21528
[63]	validation_0-logloss:0.21545
[64]	validation_0-logloss:0.21558
[65]	validation_0-logloss:0.21603
[66]	validation_0-logloss:0.21591
[67]	validation_0-logloss:0.21615
[68]	validation_0-logloss:0.21622
[69]	validation_0-logloss:0.21643
[70]	validation_0-logloss:0.21679
[71]	validation_0-logloss:0.21674
[72]	validation_0-logloss:0.21678
[73]	validation_0-logloss:0.21658
[74]	validation_0-logloss:0.21647
[75]	validation_0-logloss:0.21664
[76]	validation_0-logloss:0.21641
[77]	validation_0-logloss:0.21660
[78]	validation_0-logloss:0.21676
[79]	validation_0-logloss:0.21670
[80]	validation_0-logloss:0.21688
[81]	validation_0-logloss:0.21705
[82]	validation_0-logloss:0.21737
[83]	validation_0-logloss:0.21784
[84]	validation_0-logloss:0.21801
[85]	validation_0-logloss:0.21798
[86]	validation_0-logloss:0.21780
[87]	validation_0-logloss:0.21788
[88]	validation_0-logloss:0.21814
[89]	validation_0-logloss:0.21850
[90]	validation_0-logloss:0.21858
[91]	validation_0-logloss:0.21885
[92]	validation_0-logloss:0.21884
[93]	validation_0-logloss:0.21899
[94]	validation_0-logloss:0.21913
[95]	validation_0-logloss:0.21930
[96]	validation_0-logloss:0.21957
[97]	validation_0-logloss:0.21975
[98]	validation_0-logloss:0.22002
[99]	validation_0-logloss:0.21983
########## Train Metrics ##########
{'precision': 0.9155313351498637, 'recall': 0.5419354838709678, 'f1': 0.6808510638297872, 'log_loss': 0.11864831136592316, 'brier': 0.031361835149558814, 'roc_auc': 0.9602801020527206}

########## Test Metrics ##########
{'precision': 0.5457063711911357, 'recall': 0.20846560846560847, 'f1': 0.3016845329249617, 'log_loss': 0.22186038325189547, 'brier': 0.05954205167731659, 'roc_auc': 0.8160617857939209}

